<?xml version="1.0" encoding="UTF-8"?>
<!-- Generated by org.testng.reporters.JUnitReportReporter -->
<testsuite skipped="0" hostname="sujaya" name="com.nhance.web.whatsApp.automation.userTestClasses.AnswerBot_FeatureTest" tests="1" failures="0" timestamp="05 Oct 2020 10:48:28 GMT" time="202.115" errors="0">
  <testcase name="Test_AnswerBot_Flow" time="202.115" classname="com.nhance.web.whatsApp.automation.userTestClasses.AnswerBot_FeatureTest"/>
</testsuite> <!-- com.nhance.web.whatsApp.automation.userTestClasses.AnswerBot_FeatureTest -->
