<?xml version="1.0" encoding="UTF-8"?>
<!-- Generated by org.testng.reporters.JUnitReportReporter -->
<testsuite skipped="0" hostname="sujaya" name="com.nhance.web.whatsApp.automation.userTestClasses.Helpdesk_FeatureTest" tests="1" failures="0" timestamp="18 Sep 2020 11:10:42 GMT" time="70.907" errors="0">
  <testcase name="Test_Helpdesk_PositiveFlow" time="70.907" classname="com.nhance.web.whatsApp.automation.userTestClasses.Helpdesk_FeatureTest"/>
</testsuite> <!-- com.nhance.web.whatsApp.automation.userTestClasses.Helpdesk_FeatureTest -->
