<?xml version="1.0" encoding="UTF-8"?>
<!-- Generated by org.testng.reporters.JUnitReportReporter -->
<testsuite skipped="0" hostname="sujaya" name="com.nhance.web.whatsApp.automation.userTestClasses.Buy_FeatureTest" tests="4" failures="0" timestamp="09 Nov 2020 06:48:50 GMT" time="411.410" errors="0">
  <testcase name="Test_placeOrder_PositiveFlow_For_OnlinePayment" time="250.617" classname="com.nhance.web.whatsApp.automation.userTestClasses.Buy_FeatureTest"/>
  <testcase name="Test_orderStatus_Flow_After_Doing_OnlinePayment" time="37.604" classname="com.nhance.web.whatsApp.automation.userTestClasses.Buy_FeatureTest"/>
  <testcase name="Test_CashOnDelivery_Flow" time="97.633" classname="com.nhance.web.whatsApp.automation.userTestClasses.Buy_FeatureTest"/>
  <testcase name="Test_orderStatusFlow_After_COD" time="25.556" classname="com.nhance.web.whatsApp.automation.userTestClasses.Buy_FeatureTest"/>
</testsuite> <!-- com.nhance.web.whatsApp.automation.userTestClasses.Buy_FeatureTest -->
