<?xml version="1.0" encoding="UTF-8"?>
<!-- Generated by org.testng.reporters.JUnitReportReporter -->
<testsuite skipped="0" hostname="sujaya" name="com.nhance.web.whatsApp.automation.userTestClasses.About_FeatureTest" tests="1" failures="0" timestamp="30 Sep 2020 13:38:04 GMT" time="90.236" errors="0">
  <testcase name="About_ModuleTest_Flow" time="90.236" classname="com.nhance.web.whatsApp.automation.userTestClasses.About_FeatureTest"/>
</testsuite> <!-- com.nhance.web.whatsApp.automation.userTestClasses.About_FeatureTest -->
