<?xml version="1.0" encoding="UTF-8"?>
<!-- Generated by org.testng.reporters.JUnitReportReporter -->
<testsuite skipped="0" hostname="sujaya" name="com.nhance.web.whatsApp.automation.userTestClasses.WhatsappMe_FeatureTest" tests="1" failures="0" timestamp="01 Oct 2020 11:05:08 GMT" time="83.402" errors="0">
  <testcase name="Test_WhatsappMe_Flow" time="83.402" classname="com.nhance.web.whatsApp.automation.userTestClasses.WhatsappMe_FeatureTest"/>
</testsuite> <!-- com.nhance.web.whatsApp.automation.userTestClasses.WhatsappMe_FeatureTest -->
