<?xml version="1.0" encoding="UTF-8"?>
<!-- Generated by org.testng.reporters.JUnitReportReporter -->
<testsuite skipped="0" hostname="sujaya" name="com.nhance.web.whatsApp.automation.userTestClasses.SelfService_FeatureTest" tests="1" failures="0" timestamp="15 Sep 2020 09:24:16 GMT" time="141.247" errors="0">
  <testcase name="Test_SelfService_PositiveFlow" time="141.247" classname="com.nhance.web.whatsApp.automation.userTestClasses.SelfService_FeatureTest"/>
</testsuite> <!-- com.nhance.web.whatsApp.automation.userTestClasses.SelfService_FeatureTest -->
