<?xml version="1.0" encoding="UTF-8"?>
<!-- Generated by org.testng.reporters.JUnitReportReporter -->
<testsuite skipped="0" hostname="sujaya" name="com.nhance.web.whatsApp.automation.userTestClasses.Inbox_FeatureTest" tests="3" failures="0" timestamp="30 Sep 2020 10:21:59 GMT" time="278.236" errors="0">
  <testcase name="Test_SmartNotification_Flow" time="132.210" classname="com.nhance.web.whatsApp.automation.userTestClasses.Inbox_FeatureTest"/>
  <testcase name="Test_Offer_Flow" time="62.126" classname="com.nhance.web.whatsApp.automation.userTestClasses.Inbox_FeatureTest"/>
  <testcase name="Test_Feedback_Flow" time="83.900" classname="com.nhance.web.whatsApp.automation.userTestClasses.Inbox_FeatureTest"/>
</testsuite> <!-- com.nhance.web.whatsApp.automation.userTestClasses.Inbox_FeatureTest -->
